2026-04-01 22:06:14 [32minfo[39m:: Server is running on port 4000
2026-04-01 23:10:03 [32minfo[39m:: Server is running on port 5001
2026-04-01 23:15:42 [32minfo[39m:: Server is running on port 5001
2026-04-01 23:17:43 [32minfo[39m:: Server is running on port 5001
2026-04-02 00:42:11 [32minfo[39m:: Server is running on port 5001
2026-04-02 00:43:34 [32minfo[39m:: Server is running on port 5001
2026-04-02 00:57:33 [32minfo[39m:: Server is running on port 5001
2026-04-02 00:57:57 [31merror[39m:: Column count doesn't match value count at row 1
2026-04-02 00:58:17 [32minfo[39m:: Server is running on port 5001
2026-04-02 01:10:22 [32minfo[39m:: Server is running on port 5001
2026-04-02 01:11:16 [32minfo[39m:: Server is running on port 5001
2026-04-02 01:11:18 [31merror[39m:: "email" must be a valid email
2026-04-02 01:11:28 [31merror[39m:: "phone" with value "09769460188" fails to match the required pattern: /^[0-9]{10}$/
2026-04-02 01:13:08 [32minfo[39m:: Server is running on port 5001
2026-04-02 01:13:11 [31merror[39m:: "nrc" with value "7/pakapata/002675" fails to match the required pattern: /^\d{1,20}\/[a-zA-Z]+\([A-Z]\)\d{6}$/
2026-04-02 01:13:24 [32minfo[39m:: Server is running on port 5001
2026-04-02 01:18:53 [32minfo[39m:: Server is running on port 5001
2026-04-02 01:18:56 [31merror[39m:: User already exist
2026-04-02 01:19:26 [31merror[39m:: User already exist
2026-04-02 01:19:45 [31merror[39m:: User already exist
2026-04-02 01:20:18 [31merror[39m:: User already exist
2026-04-02 01:20:26 [31merror[39m:: User already exist
2026-04-02 01:20:43 [31merror[39m:: User already exist
2026-04-02 01:21:04 [32minfo[39m:: Server is running on port 5001
2026-04-02 01:21:06 [31merror[39m:: User already exist
2026-04-02 01:21:36 [32minfo[39m:: Server is running on port 5001
2026-04-02 01:21:38 [31merror[39m:: User already exist
2026-04-02 01:23:20 [32minfo[39m:: Server is running on port 5001
2026-04-02 01:23:22 [31merror[39m:: User already exist
2026-04-02 01:24:04 [32minfo[39m:: Server is running on port 5001
2026-04-02 01:24:07 [31merror[39m:: User already exist
2026-04-02 01:25:04 [32minfo[39m:: Server is running on port 5001
2026-04-02 01:25:36 [32minfo[39m:: Server is running on port 5001
2026-04-02 01:28:53 [32minfo[39m:: Server is running on port 5001
2026-04-02 01:28:55 [31merror[39m:: User already exist
2026-04-02 01:31:38 [32minfo[39m:: Server is running on port 5001
2026-04-02 01:31:40 [31merror[39m:: User already exist
2026-04-02 01:32:02 [32minfo[39m:: Server is running on port 5001
2026-04-02 01:32:07 [31merror[39m:: User already exist
2026-04-02 01:33:23 [32minfo[39m:: Server is running on port 5001
2026-04-02 01:33:26 [31merror[39m:: User already exist
2026-04-02 01:33:54 [32minfo[39m:: Server is running on port 5001
2026-04-02 01:33:56 [31merror[39m:: User already exist
2026-04-02 01:34:23 [32minfo[39m:: Server is running on port 5001
2026-04-02 01:34:25 [31merror[39m:: User already exist
2026-04-02 01:35:09 [32minfo[39m:: Server is running on port 5001
2026-04-02 01:35:11 [31merror[39m:: User already exist
2026-04-02 01:35:35 [32minfo[39m:: Server is running on port 5001
2026-04-02 01:35:37 [31merror[39m:: User already exist
2026-04-02 01:35:53 [32minfo[39m:: Server is running on port 5001
2026-04-02 01:35:55 [31merror[39m:: User already exist
2026-04-02 01:36:14 [32minfo[39m:: Server is running on port 5001
2026-04-02 01:36:17 [31merror[39m:: User already exist
2026-04-02 01:38:32 [32minfo[39m:: Server is running on port 5001
2026-04-02 01:39:08 [32minfo[39m:: Server is running on port 5001
2026-04-02 01:39:44 [32minfo[39m:: Server is running on port 5001
2026-04-02 01:40:40 [32minfo[39m:: Server is running on port 5001
2026-04-02 01:40:55 [31merror[39m:: User already exist
2026-04-02 01:41:07 [31merror[39m:: User already exist
2026-04-02 01:44:32 [32minfo[39m:: Server is running on port 5001
2026-04-02 01:44:37 [31merror[39m:: User already exist
2026-04-02 01:44:53 [31merror[39m:: User already exist
2026-04-02 02:04:48 [32minfo[39m:: Server is running on port 5001
2026-04-02 02:07:43 [32minfo[39m:: Server is running on port 5001
2026-04-02 02:08:23 [31merror[39m:: "name" is required
2026-04-02 02:08:55 [31merror[39m:: "emailOrPhone" is required
2026-04-02 02:09:27 [31merror[39m:: emailOrPhone.include is not a function
2026-04-02 02:10:39 [32minfo[39m:: Server is running on port 5001
2026-04-02 02:10:41 [32minfo[39m:: User logged in successfully
2026-04-02 02:11:36 [32minfo[39m:: Server is running on port 5001
2026-04-02 02:11:39 [32minfo[39m:: User logged in successfully
2026-04-02 02:11:48 [32minfo[39m:: User logged in successfully
2026-04-02 02:13:38 [32minfo[39m:: Server is running on port 5001
2026-04-02 02:14:02 [31merror[39m:: User not found
2026-04-02 02:18:00 [32minfo[39m:: Server is running on port 5001
2026-04-02 02:18:08 [31merror[39m:: User already exist
2026-04-02 11:21:25 [32minfo[39m:: Server is running on port 5001
2026-04-02 11:23:09 [31merror[39m:: "stateCode" with value "7" fails to match the required pattern: /^[0-9]{2}$/
2026-04-02 11:26:26 [32minfo[39m:: Server is running on port 5001
2026-04-02 11:26:29 [31merror[39m:: User already exist
2026-04-02 11:27:29 [31merror[39m:: User already exist
2026-04-02 11:27:36 [31merror[39m:: User already exist
2026-04-02 11:28:22 [32minfo[39m:: Server is running on port 5001
2026-04-02 11:28:25 [31merror[39m:: User already exist
2026-04-02 11:30:00 [31merror[39m:: User already exist
2026-04-02 11:45:22 [32minfo[39m:: Server is running on port 5001
2026-04-02 11:46:46 [31merror[39m:: "emailOrPhone" is required
2026-04-02 11:47:03 [31merror[39m:: "emailOrPhone" is required
2026-04-02 11:48:33 [32minfo[39m:: Server is running on port 5001
2026-04-02 11:49:03 [32minfo[39m:: Server is running on port 5001
2026-04-02 11:49:22 [32minfo[39m:: Server is running on port 5001
2026-04-02 11:49:24 [31merror[39m:: emailOrPhone is not defined
2026-04-02 11:50:19 [32minfo[39m:: Server is running on port 5001
2026-04-02 15:39:59 [32minfo[39m:: Server is running on port 5001
2026-04-02 15:42:16 [32minfo[39m:: Server is running on port 5001
2026-04-02 15:43:18 [31merror[39m:: Unauthorized
2026-04-02 15:43:18 [31merror[39m:: Unauthorized
2026-04-02 15:43:57 [32minfo[39m:: Server is running on port 5001
2026-04-02 15:43:59 [31merror[39m:: Unauthorized 3
2026-04-02 15:43:59 [31merror[39m:: Unauthorized 3
2026-04-02 15:44:25 [32minfo[39m:: Server is running on port 5001
2026-04-02 15:45:06 [31merror[39m:: Unterminated string in JSON at position 32 (line 1 column 33)
2026-04-02 15:45:26 [31merror[39m:: Unauthorized 1
2026-04-02 15:45:26 [31merror[39m:: Unauthorized 1
2026-04-02 15:46:22 [32minfo[39m:: Server is running on port 5001
2026-04-02 15:47:04 [32minfo[39m:: Server is running on port 5001
2026-04-02 15:56:54 [32minfo[39m:: Server is running on port 5001
2026-04-02 16:12:00 [32minfo[39m:: Server is running on port 5001
2026-04-02 17:09:12 [32minfo[39m:: Server is running on port 5001
2026-04-02 17:11:27 [32minfo[39m:: Server is running on port 5001
2026-04-02 17:17:31 [32minfo[39m:: Server is running on port 5001
2026-04-02 17:19:51 [32minfo[39m:: Server is running on port 5001
2026-04-02 17:20:04 [31merror[39m:: Error in updateProfile: Table 'futsalprotrainingcenterdatabase.ceateuser' doesn't exist
2026-04-02 19:25:23 [32minfo[39m:: Server is running on port 5001
2026-04-02 19:33:10 [32minfo[39m:: Server is running on port 5001
2026-04-02 19:35:34 [32minfo[39m:: Server is running on port 5001
2026-04-02 19:35:41 [31merror[39m:: Error in updateProfile: Table 'futsalprotrainingcenterdatabase.ceateuser' doesn't exist
2026-04-02 19:37:07 [32minfo[39m:: Server is running on port 5001
2026-04-02 19:38:49 [32minfo[39m:: Server is running on port 5001
2026-04-02 19:39:30 [32minfo[39m:: Server is running on port 5001
2026-04-02 19:40:12 [32minfo[39m:: Server is running on port 5001
2026-04-02 19:40:54 [31merror[39m:: User not found
2026-04-02 19:48:23 [32minfo[39m:: Server is running on port 5001
2026-04-02 19:54:16 [31merror[39m:: User not found
2026-04-02 20:06:54 [32minfo[39m:: Server is running on port 5001
2026-04-02 20:13:42 [32minfo[39m:: Server is running on port 5001
2026-04-02 20:17:53 [32minfo[39m:: Server is running on port 5001
2026-04-02 20:26:33 [32minfo[39m:: Server is running on port 5001
2026-04-02 20:27:02 [31merror[39m:: User not found
2026-04-02 20:28:36 [32minfo[39m:: Server is running on port 5001
2026-04-02 20:45:17 [32minfo[39m:: Server is running on port 5001
2026-04-02 20:50:35 [31merror[39m:: "name" is not allowed to be empty
2026-04-02 20:51:23 [31merror[39m:: "dateOfBirth" is required
2026-04-02 20:51:46 [31merror[39m:: "dateOfBirth" is required
2026-04-02 20:53:08 [31merror[39m:: "dateOfBirth" is required
2026-04-02 20:53:14 [31merror[39m:: "dateOfBirth" is required
2026-04-02 20:53:58 [32minfo[39m:: Server is running on port 5001
2026-04-02 20:55:06 [31merror[39m:: "dateOfBirth" is required
2026-04-02 20:56:00 [32minfo[39m:: Server is running on port 5001
2026-04-02 20:57:26 [31merror[39m:: User not found
